#
# There is insufficient memory for the Java Runtime Environment to continue.
# Native memory allocation (mmap) failed to map 132120576 bytes for G1 virtual space
# Possible reasons:
#   The system is out of physical RAM or swap space
#   The process is running with CompressedOops enabled, and the Java Heap may be blocking the growth of the native heap
# Possible solutions:
#   Reduce memory load on the system
#   Increase physical memory or swap space
#   Check if swap backing store is full
#   Decrease Java heap size (-Xmx/-Xms)
#   Decrease number of Java threads
#   Decrease Java thread stack sizes (-Xss)
#   Set larger code cache with -XX:ReservedCodeCacheSize=
#   JVM is running with Unscaled Compressed Oops mode in which the Java heap is
#     placed in the first 4GB address space. The Java Heap base address is the
#     maximum limit for the native heap growth. Please use -XX:HeapBaseMinAddress
#     to set the Java Heap base and to place the Java Heap above 4GB virtual address.
# This output file may be truncated or incomplete.
#
#  Out of Memory Error (./open/src/hotspot/os/windows/os_windows.cpp:3472), pid=26204, tid=9000
#
# JRE version:  (15.0.1+9) (build )
# Java VM: OpenJDK 64-Bit Server VM (15.0.1+9-18, mixed mode, sharing, tiered, compressed oops, g1 gc, windows-amd64)
# No core dump will be written. Minidumps are not enabled by default on client versions of Windows
#

---------------  S U M M A R Y ------------

Command Line: -ea -Dfile.encoding=Cp1252 -XX:+ShowCodeDetailsInExceptionMessages org.testng.remote.RemoteTestNG -serport 62377 -protocol json -d D:\3. AUTOMATION TESTING\3.PageObjectFramework\POM_13_TIENTRAN_NOP_COMMERCE\test-output D:\3. AUTOMATION TESTING\3.PageObjectFramework\POM_13_TIENTRAN_NOP_COMMERCE\resources\runNopCommerceTestcases.xml

Host: Intel(R) Core(TM) i5-5300U CPU @ 2.30GHz, 4 cores, 7G,  Windows 10 , 64 bit Build 19041 (10.0.19041.928)
Time: Sat May 15 22:28:16 2021 SE Asia Standard Time elapsed time: 0.034388 seconds (0d 0h 0m 0s)

---------------  T H R E A D  ---------------

Current thread (0x000001d35a3d9e50):  JavaThread "Unknown thread" [_thread_in_vm, id=9000, stack(0x0000008a80d00000,0x0000008a80e00000)]

Stack: [0x0000008a80d00000,0x0000008a80e00000]
Native frames: (J=compiled Java code, j=interpreted, Vv=VM code, C=native code)
V  [jvm.dll+0x62ae9a]
V  [jvm.dll+0x781389]
V  [jvm.dll+0x782ae3]
V  [jvm.dll+0x783143]
V  [jvm.dll+0x216265]
V  [jvm.dll+0x6281d9]
V  [jvm.dll+0x61cd15]
V  [jvm.dll+0x2d01fd]
V  [jvm.dll+0x2d0062]
V  [jvm.dll+0x2d603c]
V  [jvm.dll+0x325b2a]
V  [jvm.dll+0x3251f4]
V  [jvm.dll+0x2a717a]
V  [jvm.dll+0x2a8318]
V  [jvm.dll+0x75e101]
V  [jvm.dll+0x3343e4]
V  [jvm.dll+0x73e826]
V  [jvm.dll+0x3b7777]
V  [jvm.dll+0x3b9201]
C  [jli.dll+0x52fb]
C  [ucrtbase.dll+0x21bb2]
C  [KERNEL32.DLL+0x17034]
C  [ntdll.dll+0x52651]


---------------  P R O C E S S  ---------------

Threads class SMR info:
_java_thread_list=0x00007ff9168e4ff0, length=0, elements={
}

Java Threads: ( => current thread )

Other Threads:
  0x000001d35a418390 GCTaskThread "GC Thread#0" [stack: 0x0000008a80f00000,0x0000008a81000000] [id=17160]
  0x000001d35a429260 ConcurrentGCThread "G1 Main Marker" [stack: 0x0000008a81000000,0x0000008a81100000] [id=18820]
  0x000001d35a42be70 ConcurrentGCThread "G1 Conc#0" [stack: 0x0000008a81100000,0x0000008a81200000] [id=7088]

[error occurred during error reporting (printing all threads), id 0xc0000005, EXCEPTION_ACCESS_VIOLATION (0xc0000005) at pc=0x00007ff9160d8047]

VM state: not at safepoint (not fully initialized)

VM Mutex/Monitor currently owned by a thread:  ([mutex/lock_event])
[0x000001d35a3d4ea0] Heap_lock - owner thread: 0x000001d35a3d9e50

Heap address: 0x0000000082000000, size: 2016 MB, Compressed Oops mode: 32-bit
CDS archive(s) mapped at: [0x0000000000000000-0x0000000000000000-0x0000000000000000), size 0, SharedBaseAddress: 0x0000000800000000, ArchiveRelocationMode: 0.
Narrow klass base: 0x0000000000000000, Narrow klass shift: 0, Narrow klass range: 0x0

Heap:
 garbage-first heap   total 129024K, used 0K [0x0000000082000000, 0x0000000100000000)
  region size 1024K, 0 young (0K), 0 survivors (0K)
 Metaspace       used 0K, capacity 0K, committed 0K, reserved 0K
  class space    used 0K, capacity 0K, committed 0K, reserved 0K

Heap Regions: E=young(eden), S=young(survivor), O=old, HS=humongous(starts), HC=humongous(continues), CS=collection set, F=free, OA=open archive, CA=closed archive, TAMS=top-at-mark-start (previous, next)

Card table byte_map: [0x000001d36eff0000,0x000001d36f3e0000] _byte_map_base: 0x000001d36ebe0000

Marking Bits (Prev, Next): (CMBitMap*) 0x000001d35a418c00, (CMBitMap*) 0x000001d35a418c40
 Prev Bits: [0x000001d36f7d0000, 0x000001d371750000)
 Next Bits: [0x000001d371750000, 0x000001d3736d0000)

GC Heap History (0 events):
No events

Deoptimization events (0 events):
No events

Classes unloaded (0 events):
No events

Classes redefined (0 events):
No events

Internal exceptions (0 events):
No events

Events (1 events):
Event: 0.016 Loaded shared library C:\Users\Admin\.p2\pool\plugins\org.eclipse.justj.openjdk.hotspot.jre.full.win32.x86_64_15.0.1.v20201027-0507\jre\bin\java.dll


Dynamic libraries:
0x00007ff7e73b0000 - 0x00007ff7e73bd000 	C:\Users\Admin\.p2\pool\plugins\org.eclipse.justj.openjdk.hotspot.jre.full.win32.x86_64_15.0.1.v20201027-0507\jre\bin\javaw.exe
0x00007ff94b6d0000 - 0x00007ff94b8c5000 	C:\WINDOWS\SYSTEM32\ntdll.dll
0x00007ff949850000 - 0x00007ff94990d000 	C:\WINDOWS\System32\KERNEL32.DLL
0x00007ff949120000 - 0x00007ff9493e8000 	C:\WINDOWS\System32\KERNELBASE.dll
0x00007ff949020000 - 0x00007ff949120000 	C:\WINDOWS\System32\ucrtbase.dll
0x00007ff93c900000 - 0x00007ff93c918000 	C:\Users\Admin\.p2\pool\plugins\org.eclipse.justj.openjdk.hotspot.jre.full.win32.x86_64_15.0.1.v20201027-0507\jre\bin\jli.dll
0x00007ff94a620000 - 0x00007ff94a7c0000 	C:\WINDOWS\System32\USER32.dll
0x00007ff948e10000 - 0x00007ff948e32000 	C:\WINDOWS\System32\win32u.dll
0x00007ff94b140000 - 0x00007ff94b16a000 	C:\WINDOWS\System32\GDI32.dll
0x00007ff949620000 - 0x00007ff94972b000 	C:\WINDOWS\System32\gdi32full.dll
0x00007ff9493f0000 - 0x00007ff94948d000 	C:\WINDOWS\System32\msvcp_win.dll
0x00007ff93c130000 - 0x00007ff93c149000 	C:\Users\Admin\.p2\pool\plugins\org.eclipse.justj.openjdk.hotspot.jre.full.win32.x86_64_15.0.1.v20201027-0507\jre\bin\VCRUNTIME140.dll
0x00007ff93e270000 - 0x00007ff93e50a000 	C:\WINDOWS\WinSxS\amd64_microsoft.windows.common-controls_6595b64144ccf1df_6.0.19041.844_none_ca00b6081b84eb1d\COMCTL32.dll
0x00007ff94ade0000 - 0x00007ff94ae7e000 	C:\WINDOWS\System32\msvcrt.dll
0x00007ff949910000 - 0x00007ff949940000 	C:\WINDOWS\System32\IMM32.DLL
0x00007ff943aa0000 - 0x00007ff943aac000 	C:\Users\Admin\.p2\pool\plugins\org.eclipse.justj.openjdk.hotspot.jre.full.win32.x86_64_15.0.1.v20201027-0507\jre\bin\vcruntime140_1.dll
0x00007ff91fca0000 - 0x00007ff91fd31000 	C:\Users\Admin\.p2\pool\plugins\org.eclipse.justj.openjdk.hotspot.jre.full.win32.x86_64_15.0.1.v20201027-0507\jre\bin\msvcp140.dll
0x00007ff915e20000 - 0x00007ff91697e000 	C:\Users\Admin\.p2\pool\plugins\org.eclipse.justj.openjdk.hotspot.jre.full.win32.x86_64_15.0.1.v20201027-0507\jre\bin\server\jvm.dll
0x00007ff94aee0000 - 0x00007ff94af8c000 	C:\WINDOWS\System32\ADVAPI32.dll
0x00007ff94ace0000 - 0x00007ff94ad7b000 	C:\WINDOWS\System32\sechost.dll
0x00007ff94a4f0000 - 0x00007ff94a61b000 	C:\WINDOWS\System32\RPCRT4.dll
0x00007ff94acd0000 - 0x00007ff94acd8000 	C:\WINDOWS\System32\PSAPI.DLL
0x00007ff93bf10000 - 0x00007ff93bf19000 	C:\WINDOWS\SYSTEM32\WSOCK32.dll
0x00007ff94a470000 - 0x00007ff94a4db000 	C:\WINDOWS\System32\WS2_32.dll
0x00007ff93ee30000 - 0x00007ff93ee57000 	C:\WINDOWS\SYSTEM32\WINMM.dll
0x00007ff947d40000 - 0x00007ff947d4a000 	C:\WINDOWS\SYSTEM32\VERSION.dll
0x00007ff947550000 - 0x00007ff947562000 	C:\WINDOWS\SYSTEM32\kernel.appcore.dll
0x00007ff943b40000 - 0x00007ff943b4a000 	C:\Users\Admin\.p2\pool\plugins\org.eclipse.justj.openjdk.hotspot.jre.full.win32.x86_64_15.0.1.v20201027-0507\jre\bin\jimage.dll
0x00007ff946440000 - 0x00007ff946624000 	C:\WINDOWS\SYSTEM32\DBGHELP.DLL
0x00007ff9413e0000 - 0x00007ff94140c000 	C:\WINDOWS\SYSTEM32\dbgcore.DLL
0x00007ff9495a0000 - 0x00007ff949620000 	C:\WINDOWS\System32\bcryptPrimitives.dll
0x00007ff929fb0000 - 0x00007ff929fd5000 	C:\Users\Admin\.p2\pool\plugins\org.eclipse.justj.openjdk.hotspot.jre.full.win32.x86_64_15.0.1.v20201027-0507\jre\bin\java.dll

dbghelp: loaded successfully - version: 4.0.5 - missing functions: none
symbol engine: initialized successfully - sym options: 0x614 - pdb path: .;C:\Users\Admin\.p2\pool\plugins\org.eclipse.justj.openjdk.hotspot.jre.full.win32.x86_64_15.0.1.v20201027-0507\jre\bin;C:\WINDOWS\SYSTEM32;C:\WINDOWS\WinSxS\amd64_microsoft.windows.common-controls_6595b64144ccf1df_6.0.19041.844_none_ca00b6081b84eb1d;C:\Users\Admin\.p2\pool\plugins\org.eclipse.justj.openjdk.hotspot.jre.full.win32.x86_64_15.0.1.v20201027-0507\jre\bin\server

VM Arguments:
jvm_args: -ea -Dfile.encoding=Cp1252 -XX:+ShowCodeDetailsInExceptionMessages 
java_command: org.testng.remote.RemoteTestNG -serport 62377 -protocol json -d D:\3. AUTOMATION TESTING\3.PageObjectFramework\POM_13_TIENTRAN_NOP_COMMERCE\test-output D:\3. AUTOMATION TESTING\3.PageObjectFramework\POM_13_TIENTRAN_NOP_COMMERCE\resources\runNopCommerceTestcases.xml
java_class_path (initial): C:\Users\Admin\eclipse\java-2020-09\eclipse\configuration\org.eclipse.osgi\431\0\.cp\lib\testng-remote.jar;D:\3. AUTOMATION TESTING\3.PageObjectFramework\POM_13_TIENTRAN_NOP_COMMERCE\bin;D:\3. AUTOMATION TESTING\3.PageObjectFramework\POM_13_TIENTRAN_NOP_COMMERCE\libraries\selenium-server-standalone-3.141.59.jar;D:\3. AUTOMATION TESTING\3.PageObjectFramework\POM_13_TIENTRAN_NOP_COMMERCE\libraries\testng-6.9.10.jar;D:\3. AUTOMATION TESTING\3.PageObjectFramework\POM_13_TIENTRAN_NOP_COMMERCE\libraries\commons-codec-1.11.jar;D:\3. AUTOMATION TESTING\3.PageObjectFramework\POM_13_TIENTRAN_NOP_COMMERCE\libraries\commons-collections-3.2.1.jar;D:\3. AUTOMATION TESTING\3.PageObjectFramework\POM_13_TIENTRAN_NOP_COMMERCE\libraries\commons-io-2.6.jar;D:\3. AUTOMATION TESTING\3.PageObjectFramework\POM_13_TIENTRAN_NOP_COMMERCE\libraries\commons-lang3-3.8.1.jar;D:\3. AUTOMATION TESTING\3.PageObjectFramework\POM_13_TIENTRAN_NOP_COMMERCE\libraries\commons-logging-1.2.jar;D:\3. AUTOMATION TESTING\3.PageObjectFramework\POM_13_TIENTRAN_NOP_COMMERCE\libraries\guice-3.0.jar;D:\3. AUTOMATION TESTING\3.PageObjectFramework\POM_13_TIENTRAN_NOP_COMMERCE\libraries\log4j-1.2.16.jar;D:\3. AUTOMATION TESTING\3.PageObjectFramework\POM_13_TIENTRAN_NOP_COMMERCE\libraries\reportng-1.1.4.jar;D:\3. AUTOMATION TESTING\3.PageObjectFramework\POM_13_TIENTRAN_NOP_COMMERCE\libraries\velocity-1.4.jar;D:\3. AUTOMATION TESTING\3.PageObjectFramework\POM_13_TIENTRAN_NOP_COMMERCE\libExtentReportVersion4\bsh-2.0b4.jar;D:\3. AUTOMATION TESTING\3.PageObjectFramework\POM_13_TIENTRAN_NOP_COMMERCE\libExtentReportVersion4\bson-3.3.0.jar;D:\3. AUTOMATION TESTING\3.PageObjectFramework\POM_13_TIENTRAN_NOP_COMMERCE\libExtentReportVersion4\commons-codec-1.9.jar;D:\3. AUTOMATION TESTING\3.PageObjectFramework\POM_13_TIENTRAN_NOP_COMMERCE\libExtentReportVersion4\commons-logging-1.2.jar;D:\3. AUTOMATION TESTING\3.PageObjectFramework\POM_13_TIENTRAN_NOP_COMMERCE\libExtentReportVersion4\extentreports-4.0.
Launcher Type: SUN_STANDARD

[Global flags]
     intx CICompilerCount                          = 3                                         {product} {ergonomic}
     uint ConcGCThreads                            = 1                                         {product} {ergonomic}
     uint G1ConcRefinementThreads                  = 4                                         {product} {ergonomic}
   size_t G1HeapRegionSize                         = 1048576                                   {product} {ergonomic}
    uintx GCDrainStackTargetSize                   = 64                                        {product} {ergonomic}
   size_t InitialHeapSize                          = 132120576                                 {product} {ergonomic}
   size_t MarkStackSize                            = 4194304                                   {product} {ergonomic}
   size_t MaxHeapSize                              = 2113929216                                {product} {ergonomic}
   size_t MinHeapDeltaBytes                        = 1048576                                   {product} {ergonomic}
   size_t MinHeapSize                              = 8388608                                   {product} {ergonomic}
    uintx NonNMethodCodeHeapSize                   = 5832780                                {pd product} {ergonomic}
    uintx NonProfiledCodeHeapSize                  = 122912730                              {pd product} {ergonomic}
    uintx ProfiledCodeHeapSize                     = 122912730                              {pd product} {ergonomic}
    uintx ReservedCodeCacheSize                    = 251658240                              {pd product} {ergonomic}
     bool SegmentedCodeCache                       = true                                      {product} {ergonomic}
     bool ShowCodeDetailsInExceptionMessages       = true                                   {manageable} {command line}
   size_t SoftMaxHeapSize                          = 2113929216                             {manageable} {ergonomic}
     bool UseCompressedClassPointers               = true                                 {lp64_product} {ergonomic}
     bool UseCompressedOops                        = true                                 {lp64_product} {ergonomic}
     bool UseG1GC                                  = true                                      {product} {ergonomic}
     bool UseLargePagesIndividualAllocation        = false                                  {pd product} {ergonomic}

Logging:
Log output configuration:
 #0: stdout all=warning uptime,level,tags
 #1: stderr all=off uptime,level,tags

Environment Variables:
JAVA_HOME=C:\Program Files\Java\jdk1.8.0_251\
PATH=C:/Users/Admin/.p2/pool/plugins/org.eclipse.justj.openjdk.hotspot.jre.full.win32.x86_64_15.0.1.v20201027-0507/jre/bin/server;C:/Users/Admin/.p2/pool/plugins/org.eclipse.justj.openjdk.hotspot.jre.full.win32.x86_64_15.0.1.v20201027-0507/jre/bin;C:\Program Files (x86)\Common Files\Oracle\Java\javapath;C:\WINDOWS\system32;C:\WINDOWS;C:\WINDOWS\System32\Wbem;C:\WINDOWS\System32\WindowsPowerShell\v1.0\;C:\WINDOWS\System32\OpenSSH\;C:\Program Files\Git\cmd;C:\Users\Admin\cmder_mini\bin;%JAVA%\bin;C:\Users\Admin\apache-maven-3.6.0-bin\apache-maven-3.6.0\bin;C:\Users\Admin\gradle-6.4.1-bin\gradle-6.4.1\bin;C:\Users\Admin\AppData\Local\Microsoft\WindowsApps;;C:\Users\Admin\eclipse\java-2020-09\eclipse;
USERNAME=Admin
OS=Windows_NT
PROCESSOR_IDENTIFIER=Intel64 Family 6 Model 61 Stepping 4, GenuineIntel



---------------  S Y S T E M  ---------------

OS:
 Windows 10 , 64 bit Build 19041 (10.0.19041.928)
OS uptime: 28 days 11:41 hours

CPU: total 4 (initial active 4) (2 cores per cpu, 2 threads per core) family 6 model 61 stepping 4 microcode 0x2f, cmov, cx8, fxsr, mmx, sse, sse2, sse3, ssse3, sse4.1, sse4.2, popcnt, vzeroupper, avx, avx2, aes, clmul, erms, rtm, 3dnowpref, lzcnt, ht, tsc, tscinvbit, bmi1, bmi2, adx, fma, clflush

Memory: 4k page, system-wide physical 8062M (623M free)
TotalPageFile size 15662M (AvailPageFile size 27M)
current process WorkingSet (physical memory assigned to process): 10M, peak: 10M
current process commit charge ("private bytes"): 51M, peak: 177M

vm_info: OpenJDK 64-Bit Server VM (15.0.1+9-18) for windows-amd64 JRE (15.0.1+9-18), built on Sep 15 2020 14:39:31 by "mach5one" with unknown MS VC++:1925

END.
